Log file open, 12/28/19 21:23:19
LogWindows: Failed to load 'aqProf.dll' (GetLastError=126)
LogWindows: File 'aqProf.dll' does not exist
LogWindows: Failed to load 'VSPerf140.dll' (GetLastError=126)
LogWindows: File 'VSPerf140.dll' does not exist
LogWindows: Failed to load 'VtuneApi.dll' (GetLastError=126)
LogWindows: File 'VtuneApi.dll' does not exist
LogWindows: Failed to load 'VtuneApi32e.dll' (GetLastError=126)
LogWindows: File 'VtuneApi32e.dll' does not exist
LogInit: Display: Running engine for game: ThirdPersonMyGame
LogPlatformFile: Not using cached read wrapper
LogInit: Display: RandInit(-301493631) SRandInit(-301493630).
LogTaskGraph: Started task graph with 5 named threads and 8 total threads with 3 sets of task threads.
LogStats: Stats thread started at 0.101164
LogD3D11RHI: Aftermath initialized
LogPluginManager: Mounting plugin Paper2D
LogPluginManager: Mounting plugin LightPropagationVolume
LogPluginManager: Mounting plugin FacialAnimation
LogPluginManager: Mounting plugin CharacterAI
LogPluginManager: Mounting plugin HTML5Networking
LogPluginManager: Mounting plugin AndroidMedia
LogPluginManager: Mounting plugin AvfMedia
LogPluginManager: Mounting plugin WmfMedia
LogPluginManager: Mounting plugin TcpMessaging
LogPluginManager: Mounting plugin UdpMessaging
LogPluginManager: Mounting plugin OnlineSubsystem
LogPluginManager: Mounting plugin OnlineSubsystemNull
LogPluginManager: Mounting plugin OnlineSubsystemUtils
LogPluginManager: Mounting plugin AndroidPermission
LogPluginManager: Mounting plugin ArchVisCharacter
LogPluginManager: Mounting plugin CableComponent
LogPluginManager: Mounting plugin CustomMeshComponent
LogPluginManager: Mounting plugin ExampleDeviceProfileSelector
LogPluginManager: Mounting plugin ImmediatePhysics
LogPluginManager: Mounting plugin LocationServicesBPLibrary
LogPluginManager: Mounting plugin MobilePatchingUtils
LogPluginManager: Mounting plugin OculusVR
LogPluginManager: Mounting plugin PhysXVehicles
LogPluginManager: Mounting plugin ProceduralMeshComponent
LogPluginManager: Mounting plugin RuntimePhysXCooking
LogPluginManager: Mounting plugin SteamVR
LogPluginManager: Mounting plugin WindowsMoviePlayer
LogInit: Using libcurl 7.47.1
LogInit:  - built for x86_64-pc-win32
LogInit:  - supports SSL with OpenSSL/1.0.2g
LogInit:  - supports HTTP deflate (compression) using libz 1.2.8
LogInit:  - other features:
LogInit:      CURL_VERSION_SSL
LogInit:      CURL_VERSION_LIBZ
LogInit:      CURL_VERSION_IPV6
LogInit:      CURL_VERSION_ASYNCHDNS
LogInit:      CURL_VERSION_LARGEFILE
LogInit:      CURL_VERSION_IDN
LogInit:  CurlRequestOptions (configurable via config and command line):
LogInit:  - bVerifyPeer = false  - Libcurl will NOT verify peer certificate
LogInit:  - bUseHttpProxy = false  - Libcurl will NOT use HTTP proxy
LogInit:  - bDontReuseConnections = false  - Libcurl will reuse connections
LogInit:  - CertBundlePath = nullptr  - Libcurl will use whatever was configured at build time.
LogInit: Build: ++UE4+Release-4.17-CL-3658906
LogInit: Engine Version: 4.17.2-3658906+++UE4+Release-4.17
LogInit: Compatible Engine Version: 4.17.0-3573198+++UE4+Release-4.17
LogInit: Net CL: 3573198
LogDevObjectVersion: Number of dev versions registered: 16
LogDevObjectVersion:   Dev-Blueprints (B0D832E4-1F89-4F0D-ACCF-7EB736FD4AA2): 10
LogDevObjectVersion:   Dev-Build (E1C64328-A22C-4D53-A36C-8E866417BD8C): 0
LogDevObjectVersion:   Dev-Core (375EC13C-06E4-48FB-B500-84F0262A717E): 2
LogDevObjectVersion:   Dev-Editor (E4B068ED-F494-42E9-A231-DA0B2E46BB41): 20
LogDevObjectVersion:   Dev-Framework (CFFC743F-43B0-4480-9391-14DF171D2073): 28
LogDevObjectVersion:   Dev-Mobile (B02B49B5-BB20-44E9-A304-32B752E40360): 0
LogDevObjectVersion:   Dev-Networking (A4E4105C-59A1-49B5-A7C5-40C4547EDFEE): 0
LogDevObjectVersion:   Dev-Online (39C831C9-5AE6-47DC-9A44-9C173E1C8E7C): 0
LogDevObjectVersion:   Dev-Physics (78F01B33-EBEA-4F98-B9B4-84EACCB95AA2): 0
LogDevObjectVersion:   Dev-Platform (6631380F-2D4D-43E0-8009-CF276956A95A): 0
LogDevObjectVersion:   Dev-Rendering (12F88B9F-8875-4AFC-A67C-D90C383ABD29): 19
LogDevObjectVersion:   Dev-Sequencer (7B5AE74C-D270-4C10-A958-57980B212A5A): 4
LogDevObjectVersion:   Dev-VR (D7296918-1DD6-4BDD-9DE2-64A83CC13884): 0
LogDevObjectVersion:   Dev-LoadTimes (C2A15278-BFE7-4AFE-6C17-90FF531DF755): 1
LogDevObjectVersion:   Private-Geometry (6EACA3D4-40EC-4CC1-B786-8BED09428FC5): 1
LogDevObjectVersion:   Dev-AnimPhys (29E575DD-E0A3-4627-9D10-D276232CDCEA): 7
LogInit: Compiled (64-bit): Sep 22 2017 13:49:34
LogInit: Compiled with Visual C++: 19.00.24215.01
LogInit: Build Configuration: Development
LogInit: Branch Name: ++UE4+Release-4.17
LogInit: Command line:  
LogInit: Base directory: C:/Users/SFC/Desktop/ThirdPersonMyGame/WindowsNoEditor/Engine/Binaries/Win64/
LogInit: Installed Engine Build: 0
LogInit: Presizing for max 2097152 objects, including 0 objects not considered by GC, pre-allocating 0 bytes for permanent pool.
LogStreaming: Display: Async Loading initialized: Event Driven Loader: true, Async Loading Thread: false
LogInit: Object subsystem initialized
[2019.12.28-18.23.19:899][  0]LogInit: Selected Device Profile: [WindowsNoEditor]
[2019.12.28-18.23.19:899][  0]LogInit: Applying CVar settings loaded from the selected device profile: [WindowsNoEditor]
[2019.12.28-18.23.19:909][  0]LogInit: Computer: DESKTOP-IG1E4U4
[2019.12.28-18.23.19:910][  0]LogInit: User: SFC
[2019.12.28-18.23.19:910][  0]LogInit: CPU Page size=4096, Cores=2
[2019.12.28-18.23.19:910][  0]LogInit: High frequency timer resolution =10.000000 MHz
[2019.12.28-18.23.19:910][  0]LogMemory: Memory total: Physical=7.9GB (8GB approx)
[2019.12.28-18.23.19:910][  0]LogMemory: Platform Memory Stats for WindowsNoEditor
[2019.12.28-18.23.19:910][  0]LogMemory: Process Physical Memory: 95.44 MB used, 95.45 MB peak
[2019.12.28-18.23.19:910][  0]LogMemory: Process Virtual Memory: 110.09 MB used, 110.09 MB peak
[2019.12.28-18.23.19:910][  0]LogMemory: Physical Memory: 2362.91 MB used,  5710.36 MB free, 8073.27 MB total
[2019.12.28-18.23.19:910][  0]LogMemory: Virtual Memory: 4470.30 MB used,  5710.36 MB free, 134217728.00 MB total
[2019.12.28-18.23.19:941][  0]LogInit: Using OS detected language (tr-TR).
[2019.12.28-18.23.19:941][  0]LogInit: Using OS detected locale (tr-TR).
[2019.12.28-18.23.19:942][  0]LogTextLocalizationManager: No localization for 'tr-TR' exists, so 'en' will be used for the language.
[2019.12.28-18.23.19:942][  0]LogTextLocalizationManager: No localization for 'tr-TR' exists, so 'en' will be used for the locale.
[2019.12.28-18.23.20:035][  0]LogD3D11RHI: D3D11 adapters:
[2019.12.28-18.23.20:056][  0]LogD3D11RHI:    0. 'AMD Radeon HD 8730M' (Feature Level 11_0)
[2019.12.28-18.23.20:056][  0]LogD3D11RHI:       2027/0/4036 MB DedicatedVideo/DedicatedSystem/SharedSystem, Outputs:1, VendorId:0x1002
[2019.12.28-18.23.20:064][  0]LogD3D11RHI:    1. 'Intel(R) HD Graphics 4000' (Feature Level 11_0)
[2019.12.28-18.23.20:065][  0]LogD3D11RHI:       32/0/1760 MB DedicatedVideo/DedicatedSystem/SharedSystem, Outputs:0, VendorId:0x8086
[2019.12.28-18.23.20:070][  0]LogD3D11RHI:    2. 'Microsoft Basic Render Driver' (Feature Level 11_0)
[2019.12.28-18.23.20:070][  0]LogD3D11RHI:       0/0/4036 MB DedicatedVideo/DedicatedSystem/SharedSystem, Outputs:0, VendorId:0x1414
[2019.12.28-18.23.20:070][  0]LogD3D11RHI: Chosen D3D11 Adapter: 0
[2019.12.28-18.23.20:079][  0]LogD3D11RHI: Creating new Direct3DDevice
[2019.12.28-18.23.20:079][  0]LogD3D11RHI:     GPU DeviceId: 0x6601 (for the marketing name, search the web for "GPU Device Id")
[2019.12.28-18.23.20:079][  0]LogWindows: EnumDisplayDevices:
[2019.12.28-18.23.20:080][  0]LogWindows:    0. 'Intel(R) HD Graphics 4000' (P:1 D:1)
[2019.12.28-18.23.20:080][  0]LogWindows:    1. 'Intel(R) HD Graphics 4000' (P:0 D:0)
[2019.12.28-18.23.20:081][  0]LogWindows:    2. 'Intel(R) HD Graphics 4000' (P:0 D:0)
[2019.12.28-18.23.20:081][  0]LogWindows: DebugString: GetVideoDriverDetailsInvalid PrimaryIsNotTheChoosenAdapter GetVideoDriverDetailsInvalid PrimaryIsNotTheChoosenAdapter GetVideoDriverDetailsInvalid PrimaryIsNotTheChoosenAdapter FoundDriverCount:0 
[2019.12.28-18.23.20:081][  0]LogD3D11RHI:     Adapter Name: AMD Radeon HD 8730M
[2019.12.28-18.23.20:081][  0]LogD3D11RHI:   Driver Version: Unknown (internal:Unknown, unified:Unknown)
[2019.12.28-18.23.20:081][  0]LogD3D11RHI:      Driver Date: Unknown
[2019.12.28-18.23.20:081][  0]LogRHI: Texture pool is 1361 MB (70% of 1945 MB)
[2019.12.28-18.23.20:122][  0]LogD3D11RHI: Async texture creation enabled
[2019.12.28-18.23.20:141][  0]LogD3D11RHI: GPU Timing Frequency: 27.000000 (Debug: 2 1)
[2019.12.28-18.23.20:161][  0]LogMaterial: Verifying Global Shaders for PCD3D_SM5
[2019.12.28-18.23.20:162][  0]LogSlate: Using Freetype 2.6.0
[2019.12.28-18.23.20:163][  0]LogSlate: SlateFontCache - WITH_FREETYPE: 1, WITH_HARFBUZZ: 1
[2019.12.28-18.23.20:163][  0]LogSlate: SlateFontCache - WITH_FREETYPE: 1, WITH_HARFBUZZ: 1
[2019.12.28-18.23.20:300][  0]LogAssetRegistry: FAssetRegistry took 0.0318 seconds to start up
[2019.12.28-18.23.20:657][  0]LogPackageLocalizationCache: Processed 5 localized package path(s) for 1 prioritized culture(s) in 0.006278 seconds
[2019.12.28-18.23.20:660][  0]LogInit: Selected Device Profile: [WindowsNoEditor]
[2019.12.28-18.23.20:678][  0]LogContentStreaming: Texture pool size is 1000.00 MB
[2019.12.28-18.23.20:750][  0]LogNetVersion: ThirdPersonMyGame , NetCL: 3573198, EngineNetVer: 2, GameNetVer: 0 (Checksum: 833253082)
[2019.12.28-18.23.20:874][  0]LogInit: WinSock: version 1.1 (2.2), MaxSocks=32767, MaxUdp=65467
[2019.12.28-18.23.20:891][  0]LogMoviePlayer: Initializing movie player
[2019.12.28-18.23.20:967][  0]LogAndroidPermission: UAndroidPermissionCallbackProxy::GetInstance
[2019.12.28-18.23.20:968][  0]LogOcInput: OculusInput pre-init called
[2019.12.28-18.23.20:981][  0]LogUObjectArray: 30841 objects as part of root set at end of initial load.
[2019.12.28-18.23.20:981][  0]LogUObjectAllocator: 6112624 out of 0 bytes used by permanent object pool.
[2019.12.28-18.23.20:981][  0]LogUObjectArray: CloseDisregardForGC: 0/0 objects in disregard for GC pool
[2019.12.28-18.23.20:993][  0]LogEngine: Initializing Engine...
[2019.12.28-18.23.20:997][  0]LogHMD: Failed to initialize OpenVR with code 110
[2019.12.28-18.23.21:177][  0]LogStats: UGameplayTagsManager::ConstructGameplayTagTree: Construct from data asset -  0.000 s
[2019.12.28-18.23.21:177][  0]LogStats: UGameplayTagsManager::ConstructGameplayTagTree: GameplayTagTreeChangedEvent.Broadcast -  0.000 s
[2019.12.28-18.23.21:231][  0]LogInit: XAudio2 using 'Kulaklıklar (7- High Definition Audio Aygıtı)' : 2 channels at 44.1 kHz using 16 bits per sample (channel mask 0x3)
[2019.12.28-18.23.21:321][  0]LogInit: FAudioDevice initialized.
[2019.12.28-18.23.21:333][  0]LogInit: Texture streaming: Enabled
[2019.12.28-18.23.21:340][  0]LogInit: Display: Game Engine Initialized.
[2019.12.28-18.23.21:340][  0]LogGameplayTags: Display: UGameplayTagsManager::DoneAddingNativeTags. DelegateIsBound: 0
[2019.12.28-18.23.21:357][  0]LogInit: Display: Starting Game.
[2019.12.28-18.23.21:357][  0]LogNet: Browse: /Game/ThirdMyGame/Levels/L_MainMenu?Name=Player
[2019.12.28-18.23.21:357][  0]LogLoad: LoadMap: /Game/ThirdMyGame/Levels/L_MainMenu?Name=Player
[2019.12.28-18.23.21:385][  0]LogMemory: Platform Memory Stats for WindowsNoEditor
[2019.12.28-18.23.21:385][  0]LogMemory: Process Physical Memory: 203.28 MB used, 279.63 MB peak
[2019.12.28-18.23.21:385][  0]LogMemory: Process Virtual Memory: 298.57 MB used, 323.03 MB peak
[2019.12.28-18.23.21:385][  0]LogMemory: Physical Memory: 2295.54 MB used,  5777.74 MB free, 8073.27 MB total
[2019.12.28-18.23.21:385][  0]LogMemory: Virtual Memory: 4838.61 MB used,  5777.74 MB free, 134217728.00 MB total
[2019.12.28-18.23.21:385][  0]LogMemory: 
[2019.12.28-18.23.21:385][  0]FMallocBinned2 Mem report
[2019.12.28-18.23.21:385][  0]Small Pool
[2019.12.28-18.23.21:385][  0]Requested Allocations: 23.433395mb  (including block size padding)
[2019.12.28-18.23.21:385][  0]OS Allocated: 26.750000mb
[2019.12.28-18.23.21:385][  0]Large Pool
[2019.12.28-18.23.21:385][  0]Requested Allocations: 66.535400mb
[2019.12.28-18.23.21:385][  0]OS Allocated: 67.125000mb
[2019.12.28-18.23.21:385][  0]OS Page Allocator
[2019.12.28-18.23.21:385][  0]Cached free pages: 0.000000mb
[2019.12.28-18.23.21:419][  0]LogAIModule: Creating AISystem for world L_MainMenu
[2019.12.28-18.23.21:500][  0]LogLoad: Game class is 'Bp_OyunHaritaMode_C'
[2019.12.28-18.23.21:501][  0]LogWorld: Bringing World /Game/ThirdMyGame/Levels/L_MainMenu.L_MainMenu up for play (max tick rate 0) at 2019.12.28-21.23.21
[2019.12.28-18.23.21:501][  0]LogWorld: Bringing up level for play took: 0.000536
[2019.12.28-18.23.21:502][  0]LogGameMode: FindPlayerStart: PATHS NOT DEFINED or NO PLAYERSTART with positive rating
[2019.12.28-18.23.21:506][  0]LogUMG: Display: Widget Class W_Logo_C - Loaded Fast Template.
[2019.12.28-18.23.21:507][  0]LogLoad: Took 0.149848 seconds to LoadMap(/Game/ThirdMyGame/Levels/L_MainMenu)
[2019.12.28-18.23.21:541][  0]LogLoad: (Engine Initialization) Total time: 1.99 seconds
[2019.12.28-18.23.21:541][  0]LogExternalProfiler: No external profilers were discovered.  External profiling features will not be available.
[2019.12.28-18.23.21:643][  2]LogRenderer: Reallocating scene render targets to support 1920x1080 Format 10 NumSamples 1 (Frame:1).
[2019.12.28-18.23.26:786][134]LogUMG: Display: Widget Class W_MainMenu_C - Loaded Fast Template.
[2019.12.28-18.23.26:791][134]LogSlate: Took 0.000578 seconds to synchronously load lazily loaded font '../../../Engine/Content/EngineFonts/Faces/RobotoBold.ufont' (160K)
[2019.12.28-18.23.36:315][407]LogNet: Browse: /Game/ThirdMyGame/Levels/OyunHarita
[2019.12.28-18.23.36:349][407]LogLoad: LoadMap: /Game/ThirdMyGame/Levels/OyunHarita
[2019.12.28-18.23.36:371][407]LogMemory: Platform Memory Stats for WindowsNoEditor
[2019.12.28-18.23.36:371][407]LogMemory: Process Physical Memory: 243.58 MB used, 279.63 MB peak
[2019.12.28-18.23.36:371][407]LogMemory: Process Virtual Memory: 588.32 MB used, 603.02 MB peak
[2019.12.28-18.23.36:371][407]LogMemory: Physical Memory: 2269.70 MB used,  5803.57 MB free, 8073.27 MB total
[2019.12.28-18.23.36:371][407]LogMemory: Virtual Memory: 5183.79 MB used,  5803.57 MB free, 134217728.00 MB total
[2019.12.28-18.23.36:371][407]LogMemory: 
[2019.12.28-18.23.36:371][407]FMallocBinned2 Mem report
[2019.12.28-18.23.36:371][407]Small Pool
[2019.12.28-18.23.36:371][407]Requested Allocations: 30.161682mb  (including block size padding)
[2019.12.28-18.23.36:371][407]OS Allocated: 31.625000mb
[2019.12.28-18.23.36:371][407]Large Pool
[2019.12.28-18.23.36:371][407]Requested Allocations: 74.325684mb
[2019.12.28-18.23.36:371][407]OS Allocated: 74.937500mb
[2019.12.28-18.23.36:371][407]OS Page Allocator
[2019.12.28-18.23.36:371][407]Cached free pages: 0.000000mb
[2019.12.28-18.23.38:475][407]LogAIModule: Creating AISystem for world OyunHarita
[2019.12.28-18.23.38:479][407]LogLoad: Game class is 'Bp_OyunHaritaMode_C'
[2019.12.28-18.23.38:491][407]LogWorld: Bringing World /Game/ThirdMyGame/Levels/OyunHarita.OyunHarita up for play (max tick rate 0) at 2019.12.28-21.23.38
[2019.12.28-18.23.38:494][407]LogWorld: Bringing up level for play took: 0.015299
[2019.12.28-18.23.38:498][407]LogLoad: Took 2.148805 seconds to LoadMap(/Game/ThirdMyGame/Levels/OyunHarita)
[2019.12.28-18.23.38:508][408]LogCharacterMovement: Warning: GetSimulationTimeStep() - Max iterations 8 hit while remaining time 0.063206 > MaxSimulationTimeStep (0.050) for 'Bp_Karekter_C_0', movement 'Walking'
[2019.12.28-18.26.18:749][ 91]LogSlate: Request Window 'ThirdPersonMyGame (64-bit, PCD3D_SM5)' being destroyed
[2019.12.28-18.26.18:836][ 91]LogSlate: Window 'ThirdPersonMyGame (64-bit, PCD3D_SM5)' being destroyed
[2019.12.28-18.26.18:836][ 91]LogWindowsTextInputMethodSystem: Display: IME system now deactivated.
[2019.12.28-18.26.18:842][ 91]LogEngine: All Windows Closed
[2019.12.28-18.26.18:843][ 91]LogWindows: FPlatformMisc::RequestExit(0)
[2019.12.28-18.26.19:110][ 92]LogExit: Preparing to exit.
[2019.12.28-18.26.19:110][ 92]LogMoviePlayer: Shutting down movie player
[2019.12.28-18.26.19:153][ 92]LogExit: Game engine shut down
[2019.12.28-18.26.19:192][ 92]LogExit: Object subsystem successfully closed.
[2019.12.28-18.26.19:204][ 92]LogD3D11RHI: Shutdown
[2019.12.28-18.26.19:204][ 92]LogD3D11RHI: CleanupD3DDevice
[2019.12.28-18.26.19:207][ 92]LogD3D11RHI: ~FD3D11DynamicRHI
[2019.12.28-18.26.19:208][ 92]LogModuleManager: Shutting down and abandoning module AutomationController (158)
[2019.12.28-18.26.19:208][ 92]LogModuleManager: Shutting down and abandoning module AutomationWorker (156)
[2019.12.28-18.26.19:208][ 92]LogModuleManager: Shutting down and abandoning module AIModule (154)
[2019.12.28-18.26.19:208][ 92]LogModuleManager: Shutting down and abandoning module GameplayDebugger (153)
[2019.12.28-18.26.19:208][ 92]LogModuleManager: Shutting down and abandoning module WmfMediaFactory (150)
[2019.12.28-18.26.19:208][ 92]LogModuleManager: Shutting down and abandoning module AvfMediaFactory (148)
[2019.12.28-18.26.19:208][ 92]LogModuleManager: Shutting down and abandoning module AndroidMediaFactory (146)
[2019.12.28-18.26.19:208][ 92]LogModuleManager: Shutting down and abandoning module Media (145)
[2019.12.28-18.26.19:208][ 92]LogModuleManager: Shutting down and abandoning module CharacterAI (142)
[2019.12.28-18.26.19:208][ 92]LogModuleManager: Shutting down and abandoning module SessionServices (140)
[2019.12.28-18.26.19:208][ 92]LogModuleManager: Shutting down and abandoning module MovieSceneTracks (138)
[2019.12.28-18.26.19:208][ 92]LogModuleManager: Shutting down and abandoning module MovieScene (136)
[2019.12.28-18.26.19:208][ 92]LogModuleManager: Shutting down and abandoning module GeometryCache (134)
[2019.12.28-18.26.19:208][ 92]LogModuleManager: Shutting down and abandoning module Niagara (132)
[2019.12.28-18.26.19:208][ 92]LogModuleManager: Shutting down and abandoning module StreamingPauseRendering (130)
[2019.12.28-18.26.19:208][ 92]LogModuleManager: Shutting down and abandoning module AnalyticsET (128)
[2019.12.28-18.26.19:208][ 92]LogModuleManager: Shutting down and abandoning module ProfilerService (126)
[2019.12.28-18.26.19:272][ 92]LogModuleManager: Shutting down and abandoning module TaskGraph (124)
[2019.12.28-18.26.19:272][ 92]LogModuleManager: Shutting down and abandoning module SteamVRController (122)
[2019.12.28-18.26.19:272][ 92]LogModuleManager: Shutting down and abandoning module ProceduralMeshComponent (120)
[2019.12.28-18.26.19:272][ 92]LogModuleManager: Shutting down and abandoning module OculusInput (118)
[2019.12.28-18.26.19:272][ 92]LogModuleManager: Shutting down and abandoning module MobilePatchingUtils (116)
[2019.12.28-18.26.19:272][ 92]LogModuleManager: Shutting down and abandoning module CustomMeshComponent (114)
[2019.12.28-18.26.19:272][ 92]LogModuleManager: Shutting down and abandoning module CableComponent (112)
[2019.12.28-18.26.19:272][ 92]LogModuleManager: Shutting down and abandoning module ArchVisCharacter (110)
[2019.12.28-18.26.19:272][ 92]LogModuleManager: Shutting down and abandoning module AndroidPermission (108)
[2019.12.28-18.26.19:272][ 92]LogModuleManager: Shutting down and abandoning module HTML5Networking (104)
[2019.12.28-18.26.19:272][ 92]LogModuleManager: Shutting down and abandoning module RuntimePhysXCooking (102)
[2019.12.28-18.26.19:272][ 92]LogModuleManager: Shutting down and abandoning module PhysXVehicles (100)
[2019.12.28-18.26.19:272][ 92]LogModuleManager: Shutting down and abandoning module LocationServicesBPLibrary (98)
[2019.12.28-18.26.19:272][ 92]LogModuleManager: Shutting down and abandoning module ImmediatePhysics (96)
[2019.12.28-18.26.19:272][ 92]LogModuleManager: Shutting down and abandoning module UdpMessaging (94)
[2019.12.28-18.26.19:272][ 92]LogModuleManager: Shutting down and abandoning module TcpMessaging (92)
[2019.12.28-18.26.19:272][ 92]LogModuleManager: Shutting down and abandoning module FacialAnimation (90)
[2019.12.28-18.26.19:272][ 92]LogModuleManager: Shutting down and abandoning module LightPropagationVolumeRuntime (88)
[2019.12.28-18.26.19:272][ 92]LogModuleManager: Shutting down and abandoning module Paper2D (86)
[2019.12.28-18.26.19:272][ 92]LogModuleManager: Shutting down and abandoning module WindowsMoviePlayer (84)
[2019.12.28-18.26.19:272][ 92]LogModuleManager: Shutting down and abandoning module WmfMedia (82)
[2019.12.28-18.26.19:273][ 92]LogModuleManager: Shutting down and abandoning module PacketHandler (80)
[2019.12.28-18.26.19:273][ 92]LogModuleManager: Shutting down and abandoning module ClothingSystemRuntime (78)
[2019.12.28-18.26.19:273][ 92]LogModuleManager: Shutting down and abandoning module Overlay (76)
[2019.12.28-18.26.19:273][ 92]LogModuleManager: Shutting down and abandoning module MediaAssets (74)
[2019.12.28-18.26.19:273][ 92]LogModuleManager: Shutting down and abandoning module UMG (72)
[2019.12.28-18.26.19:273][ 92]LogModuleManager: Shutting down and abandoning module SlateReflector (70)
[2019.12.28-18.26.19:273][ 92]LogModuleManager: Shutting down and abandoning module Slate (68)
[2019.12.28-18.26.19:273][ 92]LogModuleManager: Shutting down and abandoning module MRMesh (66)
[2019.12.28-18.26.19:273][ 92]LogModuleManager: Shutting down and abandoning module Messaging (64)
[2019.12.28-18.26.19:273][ 92]LogModuleManager: Shutting down and abandoning module HeadMountedDisplay (62)
[2019.12.28-18.26.19:273][ 92]LogModuleManager: Shutting down and abandoning module XAudio2 (60)
[2019.12.28-18.26.19:273][ 92]LogModuleManager: Shutting down and abandoning module Networking (58)
[2019.12.28-18.26.19:273][ 92]LogModuleManager: Shutting down and abandoning module Core (54)
[2019.12.28-18.26.19:273][ 92]LogModuleManager: Shutting down and abandoning module LevelSequence (52)
[2019.12.28-18.26.19:274][ 92]LogModuleManager: Shutting down and abandoning module ImageWrapper (48)
[2019.12.28-18.26.19:274][ 92]LogModuleManager: Shutting down and abandoning module InputCore (46)
[2019.12.28-18.26.19:274][ 92]LogModuleManager: Shutting down and abandoning module PhysXCooking (44)
[2019.12.28-18.26.19:274][ 92]LogModuleManager: Shutting down and abandoning module SteamVR (42)
[2019.12.28-18.26.19:274][ 92]LogModuleManager: Shutting down and abandoning module OculusHMD (40)
[2019.12.28-18.26.19:274][ 92]LogModuleManager: Shutting down and abandoning module ExampleDeviceProfileSelector (38)
[2019.12.28-18.26.19:274][ 92]LogModuleManager: Shutting down and abandoning module OnlineSubsystem (34)
[2019.12.28-18.26.19:274][ 92]LogOnline: Display: Unloading online subsystem: NULL
[2019.12.28-18.26.19:274][ 92]LogModuleManager: Shutting down and abandoning module HTTP (33)
[2019.12.28-18.26.19:274][ 92]LogHttp: Display: Http module shutting down, but needs to wait on 1 outstanding Http requests:
[2019.12.28-18.26.19:274][ 92]LogHttp: Display: 	verb=[POST] url=[https://datarouter.ol.epicgames.com/datarouter/api/v1/public/data?SessionID=%7B59359100-4981-4EB9-00CB-8898831FCBB2%7D&AppID=UEGame.Rocket.Release%7CE7369FB8421694DFCD6C04ABDF1FD586%7CUE4Game&AppVersion=4.17.2-3658906%2B%2B%2BUE4%2BRelease-4.17&UserID=ANON-%7B846530A4-4C56-750C-EA8B-4DB083D18532%7D%7C%7C&AppEnvironment=datacollector-binary&UploadType=eteventstream] status=Processing
[2019.12.28-18.26.19:274][ 92]LogHttp: Display: Sleeping 0.5s to wait for 1 outstanding Http requests.
[2019.12.28-18.26.19:797][ 92]LogModuleManager: Shutting down and abandoning module SSL (32)
[2019.12.28-18.26.19:797][ 92]LogModuleManager: Shutting down and abandoning module ShaderCore (28)
[2019.12.28-18.26.19:797][ 92]LogModuleManager: Shutting down and abandoning module Landscape (26)
[2019.12.28-18.26.19:797][ 92]LogModuleManager: Shutting down and abandoning module SlateRHIRenderer (24)
[2019.12.28-18.26.19:797][ 92]LogModuleManager: Shutting down and abandoning module OpenGLDrv (22)
[2019.12.28-18.26.19:797][ 92]LogModuleManager: Shutting down and abandoning module D3D11RHI (20)
[2019.12.28-18.26.19:797][ 92]LogModuleManager: Shutting down and abandoning module AnimGraphRuntime (18)
[2019.12.28-18.26.19:797][ 92]LogModuleManager: Shutting down and abandoning module Renderer (16)
[2019.12.28-18.26.19:798][ 92]LogModuleManager: Shutting down and abandoning module Engine (14)
[2019.12.28-18.26.19:798][ 92]LogModuleManager: Shutting down and abandoning module CoreUObject (12)
[2019.12.28-18.26.19:798][ 92]LogModuleManager: Shutting down and abandoning module NetworkFile (10)
[2019.12.28-18.26.19:798][ 92]LogModuleManager: Shutting down and abandoning module CookedIterativeFile (8)
[2019.12.28-18.26.19:798][ 92]LogModuleManager: Shutting down and abandoning module StreamingFile (6)
[2019.12.28-18.26.19:798][ 92]LogModuleManager: Shutting down and abandoning module SandboxFile (4)
[2019.12.28-18.26.19:798][ 92]LogModuleManager: Shutting down and abandoning module PakFile (2)
[2019.12.28-18.26.19:799][ 92]LogExit: Exiting.
[2019.12.28-18.26.19:800][ 92]Log file closed, 12/28/19 21:26:19
